Arguments: 
  /usr/local/bin/node /usr/local/bin/yarn add babel-core babel-preset-envbabel-plugin-transform-runtime --dev

PATH: 
  /usr/local/bin:/usr/bin:/bin:/usr/sbin:/sbin:/Library/Apple/usr/bin

Yarn version: 
  1.22.4

Node version: 
  14.4.0

Platform: 
  darwin x64

Trace: 
  Error: https://registry.yarnpkg.com/babel-preset-envbabel-plugin-transform-runtime: Not found
      at Request.params.callback [as _callback] (/usr/local/lib/node_modules/yarn/lib/cli.js:66987:18)
      at Request.self.callback (/usr/local/lib/node_modules/yarn/lib/cli.js:140748:22)
      at Request.emit (events.js:315:20)
      at Request.<anonymous> (/usr/local/lib/node_modules/yarn/lib/cli.js:141720:10)
      at Request.emit (events.js:315:20)
      at IncomingMessage.<anonymous> (/usr/local/lib/node_modules/yarn/lib/cli.js:141642:12)
      at Object.onceWrapper (events.js:421:28)
      at IncomingMessage.emit (events.js:327:22)
      at endReadableNT (_stream_readable.js:1224:12)
      at processTicksAndRejections (internal/process/task_queues.js:84:21)

npm manifest: 
  {
    "name": "eslint-prettier-standardjs",
    "version": "1.0.0",
    "description": "ESLint Package with Prettier & Standard with Babel Base install",
    "main": "index.js",
    "scripts": {
      "test": "lint"
    },
    "author": "Matthew Leite",
    "license": "ISC",
    "devDependencies": {
      "eslint-config-prettier": "^6.11.0",
      "eslint-config-prettier-standard": "^3.0.1",
      "eslint-config-standard": "^14.1.1",
      "eslint-plugin-import": "^2.21.2",
      "eslint-plugin-node": "^11.1.0",
      "eslint-plugin-prettier": "^3.1.4",
      "eslint-plugin-promise": "^4.2.1",
      "eslint-plugin-standard": "^4.0.1",
      "prettier": "2.0.5",
      "prettier-config-standard": "^1.0.1"
    }
  }

yarn manifest: 
  No manifest

Lockfile: 
  No lockfile
